<?xml version="1.0" encoding="UTF-8"?>
<testng-results ignored="1" total="2" passed="1" failed="0" skipped="0">
  <reporter-output>
  </reporter-output>
  <suite started-at="2022-12-07T19:00:43 IST" name="Default suite" finished-at="2022-12-07T19:02:29 IST" duration-ms="105884">
    <groups>
    </groups>
    <test started-at="2022-12-07T19:00:43 IST" name="Default test" finished-at="2022-12-07T19:02:29 IST" duration-ms="105884">
      <class name="Hybrid_app.task1">
        <test-method is-config="true" signature="details()[pri:0, instance:Hybrid_app.task1@b9b00e0]" started-at="2022-12-07T19:00:43 IST" name="details" finished-at="2022-12-07T19:01:24 IST" duration-ms="40072" status="PASS">
          <reporter-output>
          </reporter-output>
        </test-method> <!-- details -->
        <test-method signature="positive()[pri:0, instance:Hybrid_app.task1@b9b00e0]" started-at="2022-12-07T19:01:24 IST" name="positive" finished-at="2022-12-07T19:02:29 IST" duration-ms="65654" status="PASS">
          <reporter-output>
          </reporter-output>
        </test-method> <!-- positive -->
      </class> <!-- Hybrid_app.task1 -->
    </test> <!-- Default test -->
  </suite> <!-- Default suite -->
</testng-results>
